{
  "RSpec": {
    "coverage": {
      "/home/guillaume/pro/apps/kuartz-org/kuartz-issue-manager/app/models/user.rb": [
        1,
        null,
        null,
        1,
        null,
        null,
        1,
        1,
        1,
        null
      ],
      "/home/guillaume/pro/apps/kuartz-org/kuartz-issue-manager/app/models/application_record.rb": [
        1,
        1,
        null
      ],
      "/home/guillaume/pro/apps/kuartz-org/kuartz-issue-manager/app/helpers/application_helper.rb": [
        1,
        1,
        0,
        0,
        0,
        0,
        null,
        null,
        null
      ],
      "/home/guillaume/pro/apps/kuartz-org/kuartz-issue-manager/app/models/action.rb": [
        1,
        1,
        null,
        1,
        1,
        null,
        1,
        null,
        1,
        null
      ],
      "/home/guillaume/pro/apps/kuartz-org/kuartz-issue-manager/app/models/issue.rb": [
        1,
        1,
        null,
        1,
        1,
        null,
        1,
        null,
        1,
        null,
        1,
        null,
        1,
        null,
        1,
        0,
        null,
        null,
        1,
        0,
        null,
        null,
        null,
        null,
        null,
        1,
        12,
        null,
        null
      ],
      "/home/guillaume/pro/apps/kuartz-org/kuartz-issue-manager/app/models/project.rb": [
        1,
        1,
        1,
        1,
        null,
        1,
        null
      ],
      "/home/guillaume/pro/apps/kuartz-org/kuartz-issue-manager/app/queries/project_query.rb": [
        1,
        1,
        2,
        null,
        null,
        1,
        2,
        null,
        null,
        null,
        null,
        null
      ],
      "/home/guillaume/pro/apps/kuartz-org/kuartz-issue-manager/app/queries/base_query.rb": [
        1,
        null,
        1,
        1,
        2,
        2,
        null,
        null,
        1,
        3,
        1,
        null,
        1,
        null,
        1,
        2,
        null,
        0,
        0,
        null,
        0,
        null,
        null,
        null,
        1,
        null,
        null
      ],
      "/home/guillaume/pro/apps/kuartz-org/kuartz-issue-manager/app/models/registration.rb": [
        1,
        1,
        1,
        null
      ],
      "/home/guillaume/pro/apps/kuartz-org/kuartz-issue-manager/app/presenters/issue_presenter.rb": [
        0,
        0,
        0,
        0,
        null,
        0,
        0,
        0,
        null,
        0,
        0,
        0,
        0
      ],
      "/home/guillaume/pro/apps/kuartz-org/kuartz-issue-manager/app/presenters/base_presenter.rb": [
        0,
        null,
        0,
        0,
        0,
        0,
        0
      ],
      "/home/guillaume/pro/apps/kuartz-org/kuartz-issue-manager/app/presenters/project_presenter.rb": [
        0,
        0,
        0,
        0,
        null,
        0,
        0,
        0,
        0
      ],
      "/home/guillaume/pro/apps/kuartz-org/kuartz-issue-manager/app/queries/issue_query.rb": [
        0,
        0,
        0,
        0,
        null,
        0,
        0,
        0,
        0
      ],
      "/home/guillaume/pro/apps/kuartz-org/kuartz-issue-manager/app/mailers/application_mailer.rb": [
        0,
        0,
        0,
        0
      ],
      "/home/guillaume/pro/apps/kuartz-org/kuartz-issue-manager/app/jobs/application_job.rb": [
        0,
        null,
        null,
        null,
        null,
        null,
        0
      ],
      "/home/guillaume/pro/apps/kuartz-org/kuartz-issue-manager/app/controllers/projects_controller.rb": [
        0,
        0,
        0,
        null,
        0,
        0,
        0,
        0,
        null,
        0,
        0,
        0,
        0,
        0
      ],
      "/home/guillaume/pro/apps/kuartz-org/kuartz-issue-manager/app/controllers/issues_controller.rb": [
        0,
        0,
        0,
        0,
        null,
        0,
        0,
        0,
        0,
        null,
        null,
        0,
        null,
        0,
        0,
        0,
        0,
        0,
        null,
        0,
        0,
        null,
        0,
        0,
        0,
        null,
        0,
        0,
        null,
        0,
        0,
        0,
        0,
        0,
        0,
        0,
        null,
        0,
        0,
        null,
        0,
        0,
        0,
        0,
        0,
        0,
        0,
        0,
        null,
        0,
        0,
        0,
        0,
        0,
        null,
        0,
        null,
        0,
        0,
        0,
        0,
        0,
        0,
        null,
        0,
        0,
        0,
        null,
        0,
        0,
        0,
        0,
        null,
        0,
        0,
        0,
        null,
        0,
        0,
        0,
        0,
        0,
        0,
        0
      ],
      "/home/guillaume/pro/apps/kuartz-org/kuartz-issue-manager/app/controllers/pages_controller.rb": [
        0,
        0,
        null,
        0,
        0,
        0
      ],
      "/home/guillaume/pro/apps/kuartz-org/kuartz-issue-manager/app/controllers/application_controller.rb": [
        0,
        0,
        0,
        0
      ],
      "/home/guillaume/pro/apps/kuartz-org/kuartz-issue-manager/app/channels/application_cable/channel.rb": [
        0,
        0,
        0,
        0
      ],
      "/home/guillaume/pro/apps/kuartz-org/kuartz-issue-manager/app/channels/application_cable/connection.rb": [
        0,
        0,
        0,
        0
      ],
      "/home/guillaume/pro/apps/kuartz-org/kuartz-issue-manager/app/inputs/rich_text_area_input.rb": [
        0,
        0,
        0,
        null,
        0,
        0,
        0
      ]
    },
    "timestamp": 1578048157
  }
}
